# JRE version: OpenJDK Runtime Environment (11.0.10) (build 11.0.10+0-b96-7249189)
# Java VM: OpenJDK 64-Bit Server VM (11.0.10+0-b96-7249189, mixed mode, tiered, compressed oops, g1 gc, linux-amd64)
Heap:
 garbage-first heap   total 150528K, used 92003K [0x0000000080000000, 0x0000000100000000)
  region size 1024K, 7 young (7168K), 1 survivors (1024K)
 Metaspace       used 110387K, capacity 113552K, committed 113792K, reserved 1146880K
  class space    used 14199K, capacity 15361K, committed 15488K, reserved 1048576K
GC Heap History (20 events):
Event: 1058.349 GC heap before
{Heap before GC invocations=43 (full 0):
 garbage-first heap   total 150528K, used 124216K [0x0000000080000000, 0x0000000100000000)
  region size 1024K, 34 young (34816K), 5 survivors (5120K)
 Metaspace       used 109724K, capacity 112877K, committed 113152K, reserved 1146880K
  class space    used 14183K, capacity 15333K, committed 15360K, reserved 1048576K
}
Event: 1058.360 GC heap after
{Heap after GC invocations=44 (full 0):
 garbage-first heap   total 150528K, used 103666K [0x0000000080000000, 0x0000000100000000)
  region size 1024K, 5 young (5120K), 5 survivors (5120K)
 Metaspace       used 109724K, capacity 112877K, committed 113152K, reserved 1146880K
  class space    used 14183K, capacity 15333K, committed 15360K, reserved 1048576K
}
Event: 1058.377 GC heap before
{Heap before GC invocations=44 (full 0):
 garbage-first heap   total 150528K, used 105714K [0x0000000080000000, 0x0000000100000000)
  region size 1024K, 7 young (7168K), 5 survivors (5120K)
 Metaspace       used 109743K, capacity 112877K, committed 113152K, reserved 1146880K
  class space    used 14183K, capacity 15333K, committed 15360K, reserved 1048576K
}
Event: 1058.389 GC heap after
{Heap after GC invocations=45 (full 0):
 garbage-first heap   total 150528K, used 99513K [0x0000000080000000, 0x0000000100000000)
  region size 1024K, 1 young (1024K), 1 survivors (1024K)
 Metaspace       used 109743K, capacity 112877K, committed 113152K, reserved 1146880K
  class space    used 14183K, capacity 15333K, committed 15360K, reserved 1048576K
}
Event: 1058.647 GC heap before
{Heap before GC invocations=45 (full 0):
 garbage-first heap   total 150528K, used 121017K [0x0000000080000000, 0x0000000100000000)
  region size 1024K, 23 young (23552K), 1 survivors (1024K)
 Metaspace       used 109926K, capacity 113095K, committed 113152K, reserved 1146880K
  class space    used 14185K, capacity 15336K, committed 15360K, reserved 1048576K
}
Event: 1058.657 GC heap after
{Heap after GC invocations=46 (full 0):
 garbage-first heap   total 150528K, used 101471K [0x0000000080000000, 0x0000000100000000)
  region size 1024K, 3 young (3072K), 3 survivors (3072K)
 Metaspace       used 109926K, capacity 113095K, committed 113152K, reserved 1146880K
  class space    used 14185K, capacity 15336K, committed 15360K, reserved 1048576K
}
Event: 1058.862 GC heap before
{Heap before GC invocations=47 (full 0):
 garbage-first heap   total 150528K, used 120927K [0x0000000080000000, 0x0000000100000000)
  region size 1024K, 25 young (25600K), 3 survivors (3072K)
 Metaspace       used 110128K, capacity 113245K, committed 113408K, reserved 1146880K
  class space    used 14187K, capacity 15339K, committed 15360K, reserved 1048576K
}
Event: 1058.866 GC heap after
{Heap after GC invocations=48 (full 0):
 garbage-first heap   total 150528K, used 98934K [0x0000000080000000, 0x0000000100000000)
  region size 1024K, 1 young (1024K), 1 survivors (1024K)
 Metaspace       used 110128K, capacity 113245K, committed 113408K, reserved 1146880K
  class space    used 14187K, capacity 15339K, committed 15360K, reserved 1048576K
}
Event: 1058.883 GC heap before
{Heap before GC invocations=48 (full 0):
 garbage-first heap   total 150528K, used 105078K [0x0000000080000000, 0x0000000100000000)
  region size 1024K, 7 young (7168K), 1 survivors (1024K)
 Metaspace       used 110128K, capacity 113245K, committed 113408K, reserved 1146880K
  class space    used 14187K, capacity 15339K, committed 15360K, reserved 1048576K
}
Event: 1058.899 GC heap after
{Heap after GC invocations=49 (full 0):
 garbage-first heap   total 150528K, used 90672K [0x0000000080000000, 0x0000000100000000)
  region size 1024K, 1 young (1024K), 1 survivors (1024K)
 Metaspace       used 110128K, capacity 113245K, committed 113408K, reserved 1146880K
  class space    used 14187K, capacity 15339K, committed 15360K, reserved 1048576K
}
Event: 1058.931 GC heap before
{Heap before GC invocations=49 (full 0):
 garbage-first heap   total 150528K, used 91696K [0x0000000080000000, 0x0000000100000000)
  region size 1024K, 4 young (4096K), 1 survivors (1024K)
 Metaspace       used 110128K, capacity 113245K, committed 113408K, reserved 1146880K
  class space    used 14187K, capacity 15339K, committed 15360K, reserved 1048576K
}
Event: 1058.953 GC heap after
{Heap after GC invocations=50 (full 0):
 garbage-first heap   total 150528K, used 90820K [0x0000000080000000, 0x0000000100000000)
  region size 1024K, 1 young (1024K), 1 survivors (1024K)
 Metaspace       used 110128K, capacity 113245K, committed 113408K, reserved 1146880K
  class space    used 14187K, capacity 15339K, committed 15360K, reserved 1048576K
}
Event: 2184.435 GC heap before
{Heap before GC invocations=51 (full 0):
 garbage-first heap   total 150528K, used 126660K [0x0000000080000000, 0x0000000100000000)
  region size 1024K, 28 young (28672K), 1 survivors (1024K)
 Metaspace       used 110227K, capacity 113298K, committed 113408K, reserved 1146880K
  class space    used 14186K, capacity 15337K, committed 15360K, reserved 1048576K
}
Event: 2184.692 GC heap after
{Heap after GC invocations=52 (full 0):
 garbage-first heap   total 150528K, used 90651K [0x0000000080000000, 0x0000000100000000)
  region size 1024K, 1 young (1024K), 1 survivors (1024K)
 Metaspace       used 110227K, capacity 113298K, committed 113408K, reserved 1146880K
  class space    used 14186K, capacity 15337K, committed 15360K, reserved 1048576K
}
Event: 2379.714 GC heap before
{Heap before GC invocations=52 (full 0):
 garbage-first heap   total 150528K, used 96795K [0x0000000080000000, 0x0000000100000000)
  region size 1024K, 7 young (7168K), 1 survivors (1024K)
 Metaspace       used 110262K, capacity 113325K, committed 113408K, reserved 1146880K
  class space    used 14189K, capacity 15343K, committed 15360K, reserved 1048576K
}
Event: 2382.658 GC heap after
{Heap after GC invocations=53 (full 0):
 garbage-first heap   total 150528K, used 85099K [0x0000000080000000, 0x0000000100000000)
  region size 1024K, 1 young (1024K), 1 survivors (1024K)
 Metaspace       used 110262K, capacity 113325K, committed 113408K, reserved 1146880K
  class space    used 14189K, capacity 15343K, committed 15360K, reserved 1048576K
}
Event: 2383.369 GC heap before
{Heap before GC invocations=53 (full 0):
 garbage-first heap   total 150528K, used 90219K [0x0000000080000000, 0x0000000100000000)
  region size 1024K, 7 young (7168K), 1 survivors (1024K)
 Metaspace       used 110292K, capacity 113352K, committed 113408K, reserved 1146880K
  class space    used 14193K, capacity 15349K, committed 15360K, reserved 1048576K
}
Event: 2383.476 GC heap after
{Heap after GC invocations=54 (full 0):
 garbage-first heap   total 150528K, used 86381K [0x0000000080000000, 0x0000000100000000)
  region size 1024K, 1 young (1024K), 1 survivors (1024K)
 Metaspace       used 110292K, capacity 113352K, committed 113408K, reserved 1146880K
  class space    used 14193K, capacity 15349K, committed 15360K, reserved 1048576K
}
Event: 2384.057 GC heap before
{Heap before GC invocations=54 (full 0):
 garbage-first heap   total 150528K, used 92525K [0x0000000080000000, 0x0000000100000000)
  region size 1024K, 7 young (7168K), 1 survivors (1024K)
 Metaspace       used 110295K, capacity 113352K, committed 113408K, reserved 1146880K
  class space    used 14193K, capacity 15349K, committed 15360K, reserved 1048576K
}
Event: 2384.096 GC heap after
{Heap after GC invocations=55 (full 0):
 garbage-first heap   total 150528K, used 86883K [0x0000000080000000, 0x0000000100000000)
  region size 1024K, 1 young (1024K), 1 survivors (1024K)
 Metaspace       used 110295K, capacity 113352K, committed 113408K, reserved 1146880K
  class space    used 14193K, capacity 15349K, committed 15360K, reserved 1048576K
}

