# JRE version: OpenJDK Runtime Environment (11.0.10) (build 11.0.10+0-b96-7249189)
# Java VM: OpenJDK 64-Bit Server VM (11.0.10+0-b96-7249189, mixed mode, tiered, compressed oops, g1 gc, linux-amd64)
Heap:
 garbage-first heap   total 324608K, used 140629K [0x0000000080000000, 0x0000000100000000)
  region size 1024K, 13 young (13312K), 5 survivors (5120K)
 Metaspace       used 121952K, capacity 126482K, committed 126848K, reserved 1159168K
  class space    used 14939K, capacity 16577K, committed 16768K, reserved 1048576K
GC Heap History (20 events):
Event: 3666.821 GC heap before
{Heap before GC invocations=122 (full 0):
 garbage-first heap   total 324608K, used 154992K [0x0000000080000000, 0x0000000100000000)
  region size 1024K, 19 young (19456K), 18 survivors (18432K)
 Metaspace       used 120948K, capacity 125436K, committed 125696K, reserved 1159168K
  class space    used 14849K, capacity 16464K, committed 16640K, reserved 1048576K
}
Event: 3666.849 GC heap after
{Heap after GC invocations=123 (full 0):
 garbage-first heap   total 324608K, used 148187K [0x0000000080000000, 0x0000000100000000)
  region size 1024K, 3 young (3072K), 3 survivors (3072K)
 Metaspace       used 120948K, capacity 125436K, committed 125696K, reserved 1159168K
  class space    used 14849K, capacity 16464K, committed 16640K, reserved 1048576K
}
Event: 3667.071 GC heap before
{Heap before GC invocations=123 (full 0):
 garbage-first heap   total 324608K, used 206555K [0x0000000080000000, 0x0000000100000000)
  region size 1024K, 62 young (63488K), 3 survivors (3072K)
 Metaspace       used 121064K, capacity 125574K, committed 125952K, reserved 1159168K
  class space    used 14849K, capacity 16464K, committed 16640K, reserved 1048576K
}
Event: 3667.101 GC heap after
{Heap after GC invocations=124 (full 0):
 garbage-first heap   total 324608K, used 156975K [0x0000000080000000, 0x0000000100000000)
  region size 1024K, 11 young (11264K), 11 survivors (11264K)
 Metaspace       used 121064K, capacity 125574K, committed 125952K, reserved 1159168K
  class space    used 14849K, capacity 16464K, committed 16640K, reserved 1048576K
}
Event: 3667.554 GC heap before
{Heap before GC invocations=125 (full 0):
 garbage-first heap   total 324608K, used 247641K [0x0000000080000000, 0x0000000100000000)
  region size 1024K, 95 young (97280K), 11 survivors (11264K)
 Metaspace       used 121416K, capacity 126006K, committed 126208K, reserved 1159168K
  class space    used 14893K, capacity 16502K, committed 16640K, reserved 1048576K
}
Event: 3667.581 GC heap after
{Heap after GC invocations=126 (full 0):
 garbage-first heap   total 324608K, used 174075K [0x0000000080000000, 0x0000000100000000)
  region size 1024K, 12 young (12288K), 12 survivors (12288K)
 Metaspace       used 121416K, capacity 126006K, committed 126208K, reserved 1159168K
  class space    used 14893K, capacity 16502K, committed 16640K, reserved 1048576K
}
Event: 3667.588 GC heap before
{Heap before GC invocations=126 (full 0):
 garbage-first heap   total 324608K, used 177147K [0x0000000080000000, 0x0000000100000000)
  region size 1024K, 15 young (15360K), 12 survivors (12288K)
 Metaspace       used 121416K, capacity 126006K, committed 126208K, reserved 1159168K
  class space    used 14893K, capacity 16502K, committed 16640K, reserved 1048576K
}
Event: 3667.619 GC heap after
{Heap after GC invocations=127 (full 0):
 garbage-first heap   total 324608K, used 161292K [0x0000000080000000, 0x0000000100000000)
  region size 1024K, 1 young (1024K), 1 survivors (1024K)
 Metaspace       used 121416K, capacity 126006K, committed 126208K, reserved 1159168K
  class space    used 14893K, capacity 16502K, committed 16640K, reserved 1048576K
}
Event: 3667.826 GC heap before
{Heap before GC invocations=127 (full 0):
 garbage-first heap   total 324608K, used 235020K [0x0000000080000000, 0x0000000100000000)
  region size 1024K, 75 young (76800K), 1 survivors (1024K)
 Metaspace       used 121820K, capacity 126359K, committed 126720K, reserved 1159168K
  class space    used 14925K, capacity 16534K, committed 16640K, reserved 1048576K
}
Event: 3667.835 GC heap after
{Heap after GC invocations=128 (full 0):
 garbage-first heap   total 324608K, used 164973K [0x0000000080000000, 0x0000000100000000)
  region size 1024K, 5 young (5120K), 5 survivors (5120K)
 Metaspace       used 121820K, capacity 126359K, committed 126720K, reserved 1159168K
  class space    used 14925K, capacity 16534K, committed 16640K, reserved 1048576K
}
Event: 3668.118 GC heap before
{Heap before GC invocations=128 (full 0):
 garbage-first heap   total 324608K, used 237932K [0x0000000080000000, 0x0000000100000000)
  region size 1024K, 90 young (92160K), 5 survivors (5120K)
 Metaspace       used 121849K, capacity 126380K, committed 126720K, reserved 1159168K
  class space    used 14931K, capacity 16544K, committed 16640K, reserved 1048576K
}
Event: 3668.128 GC heap after
{Heap after GC invocations=129 (full 0):
 garbage-first heap   total 324608K, used 157394K [0x0000000080000000, 0x0000000100000000)
  region size 1024K, 12 young (12288K), 12 survivors (12288K)
 Metaspace       used 121849K, capacity 126380K, committed 126720K, reserved 1159168K
  class space    used 14931K, capacity 16544K, committed 16640K, reserved 1048576K
}
Event: 3710.240 GC heap before
{Heap before GC invocations=130 (full 0):
 garbage-first heap   total 324608K, used 272082K [0x0000000080000000, 0x0000000100000000)
  region size 1024K, 104 young (106496K), 12 survivors (12288K)
 Metaspace       used 121934K, capacity 126482K, committed 126848K, reserved 1159168K
  class space    used 14939K, capacity 16577K, committed 16768K, reserved 1048576K
}
Event: 3710.261 GC heap after
{Heap after GC invocations=131 (full 0):
 garbage-first heap   total 324608K, used 145488K [0x0000000080000000, 0x0000000100000000)
  region size 1024K, 2 young (2048K), 2 survivors (2048K)
 Metaspace       used 121934K, capacity 126482K, committed 126848K, reserved 1159168K
  class space    used 14939K, capacity 16577K, committed 16768K, reserved 1048576K
}
Event: 3767.329 GC heap before
{Heap before GC invocations=131 (full 0):
 garbage-first heap   total 324608K, used 157776K [0x0000000080000000, 0x0000000100000000)
  region size 1024K, 15 young (15360K), 2 survivors (2048K)
 Metaspace       used 121939K, capacity 126482K, committed 126848K, reserved 1159168K
  class space    used 14939K, capacity 16577K, committed 16768K, reserved 1048576K
}
Event: 3767.389 GC heap after
{Heap after GC invocations=132 (full 0):
 garbage-first heap   total 324608K, used 127906K [0x0000000080000000, 0x0000000100000000)
  region size 1024K, 2 young (2048K), 2 survivors (2048K)
 Metaspace       used 121939K, capacity 126482K, committed 126848K, reserved 1159168K
  class space    used 14939K, capacity 16577K, committed 16768K, reserved 1048576K
}
Event: 3767.615 GC heap before
{Heap before GC invocations=132 (full 0):
 garbage-first heap   total 324608K, used 141218K [0x0000000080000000, 0x0000000100000000)
  region size 1024K, 15 young (15360K), 2 survivors (2048K)
 Metaspace       used 121945K, capacity 126482K, committed 126848K, reserved 1159168K
  class space    used 14939K, capacity 16577K, committed 16768K, reserved 1048576K
}
Event: 3767.630 GC heap after
{Heap after GC invocations=133 (full 0):
 garbage-first heap   total 324608K, used 129273K [0x0000000080000000, 0x0000000100000000)
  region size 1024K, 2 young (2048K), 2 survivors (2048K)
 Metaspace       used 121945K, capacity 126482K, committed 126848K, reserved 1159168K
  class space    used 14939K, capacity 16577K, committed 16768K, reserved 1048576K
}
Event: 3767.977 GC heap before
{Heap before GC invocations=133 (full 0):
 garbage-first heap   total 324608K, used 144633K [0x0000000080000000, 0x0000000100000000)
  region size 1024K, 18 young (18432K), 2 survivors (2048K)
 Metaspace       used 121952K, capacity 126482K, committed 126848K, reserved 1159168K
  class space    used 14939K, capacity 16577K, committed 16768K, reserved 1048576K
}
Event: 3767.995 GC heap after
{Heap after GC invocations=134 (full 0):
 garbage-first heap   total 324608K, used 131413K [0x0000000080000000, 0x0000000100000000)
  region size 1024K, 5 young (5120K), 5 survivors (5120K)
 Metaspace       used 121952K, capacity 126482K, committed 126848K, reserved 1159168K
  class space    used 14939K, capacity 16577K, committed 16768K, reserved 1048576K
}

