# JRE version: OpenJDK Runtime Environment (11.0.10) (build 11.0.10+0-b96-7249189)
# Java VM: OpenJDK 64-Bit Server VM (11.0.10+0-b96-7249189, mixed mode, tiered, compressed oops, g1 gc, linux-amd64)
Heap:
 garbage-first heap   total 555008K, used 182709K [0x0000000080000000, 0x0000000100000000)
  region size 1024K, 70 young (71680K), 6 survivors (6144K)
 Metaspace       used 136594K, capacity 140604K, committed 143488K, reserved 1173504K
  class space    used 16993K, capacity 18509K, committed 19072K, reserved 1048576K
GC Heap History (20 events):
Event: 3109.603 GC heap before
{Heap before GC invocations=97 (full 0):
 garbage-first heap   total 555008K, used 188741K [0x0000000080000000, 0x0000000100000000)
  region size 1024K, 7 young (7168K), 3 survivors (3072K)
 Metaspace       used 136871K, capacity 140933K, committed 141056K, reserved 1171456K
  class space    used 17193K, capacity 18669K, committed 18688K, reserved 1048576K
}
Event: 3109.619 GC heap after
{Heap after GC invocations=98 (full 0):
 garbage-first heap   total 555008K, used 184829K [0x0000000080000000, 0x0000000100000000)
  region size 1024K, 2 young (2048K), 2 survivors (2048K)
 Metaspace       used 136871K, capacity 140933K, committed 141056K, reserved 1171456K
  class space    used 17193K, capacity 18669K, committed 18688K, reserved 1048576K
}
Event: 3448.204 GC heap before
{Heap before GC invocations=99 (full 0):
 garbage-first heap   total 555008K, used 440829K [0x0000000080000000, 0x0000000100000000)
  region size 1024K, 243 young (248832K), 2 survivors (2048K)
 Metaspace       used 138045K, capacity 142389K, committed 142592K, reserved 1173504K
  class space    used 17333K, capacity 18917K, committed 18944K, reserved 1048576K
}
Event: 3448.494 GC heap after
{Heap after GC invocations=100 (full 0):
 garbage-first heap   total 555008K, used 168238K [0x0000000080000000, 0x0000000100000000)
  region size 1024K, 7 young (7168K), 7 survivors (7168K)
 Metaspace       used 138045K, capacity 142389K, committed 142592K, reserved 1173504K
  class space    used 17333K, capacity 18917K, committed 18944K, reserved 1048576K
}
Event: 3450.040 GC heap before
{Heap before GC invocations=100 (full 0):
 garbage-first heap   total 555008K, used 188718K [0x0000000080000000, 0x0000000100000000)
  region size 1024K, 27 young (27648K), 7 survivors (7168K)
 Metaspace       used 138153K, capacity 142562K, committed 142976K, reserved 1173504K
  class space    used 17352K, capacity 18952K, committed 19072K, reserved 1048576K
}
Event: 3450.066 GC heap after
{Heap after GC invocations=101 (full 0):
 garbage-first heap   total 555008K, used 145107K [0x0000000080000000, 0x0000000100000000)
  region size 1024K, 1 young (1024K), 1 survivors (1024K)
 Metaspace       used 138153K, capacity 142562K, committed 142976K, reserved 1173504K
  class space    used 17352K, capacity 18952K, committed 19072K, reserved 1048576K
}
Event: 3450.093 GC heap before
{Heap before GC invocations=101 (full 0):
 garbage-first heap   total 555008K, used 148179K [0x0000000080000000, 0x0000000100000000)
  region size 1024K, 6 young (6144K), 1 survivors (1024K)
 Metaspace       used 138155K, capacity 142562K, committed 142976K, reserved 1173504K
  class space    used 17352K, capacity 18952K, committed 19072K, reserved 1048576K
}
Event: 3450.120 GC heap after
{Heap after GC invocations=102 (full 0):
 garbage-first heap   total 555008K, used 145077K [0x0000000080000000, 0x0000000100000000)
  region size 1024K, 1 young (1024K), 1 survivors (1024K)
 Metaspace       used 138155K, capacity 142562K, committed 142976K, reserved 1173504K
  class space    used 17352K, capacity 18952K, committed 19072K, reserved 1048576K
}
Event: 4267.396 GC heap before
{Heap before GC invocations=103 (full 0):
 garbage-first heap   total 555008K, used 386741K [0x0000000080000000, 0x0000000100000000)
  region size 1024K, 220 young (225280K), 1 survivors (1024K)
 Metaspace       used 138819K, capacity 143332K, committed 143488K, reserved 1173504K
  class space    used 17390K, capacity 19029K, committed 19072K, reserved 1048576K
}
Event: 4267.426 GC heap after
{Heap after GC invocations=104 (full 0):
 garbage-first heap   total 555008K, used 153238K [0x0000000080000000, 0x0000000100000000)
  region size 1024K, 7 young (7168K), 7 survivors (7168K)
 Metaspace       used 138819K, capacity 143332K, committed 143488K, reserved 1173504K
  class space    used 17390K, capacity 19029K, committed 19072K, reserved 1048576K
}
Event: 4397.109 GC heap before
{Heap before GC invocations=104 (full 0):
 garbage-first heap   total 555008K, used 180886K [0x0000000080000000, 0x0000000100000000)
  region size 1024K, 27 young (27648K), 7 survivors (7168K)
 Metaspace       used 138835K, capacity 143333K, committed 143488K, reserved 1173504K
  class space    used 17390K, capacity 19029K, committed 19072K, reserved 1048576K
}
Event: 4397.186 GC heap after
{Heap after GC invocations=105 (full 0):
 garbage-first heap   total 555008K, used 134284K [0x0000000080000000, 0x0000000100000000)
  region size 1024K, 2 young (2048K), 2 survivors (2048K)
 Metaspace       used 138835K, capacity 143333K, committed 143488K, reserved 1173504K
  class space    used 17390K, capacity 19029K, committed 19072K, reserved 1048576K
}
Event: 4397.882 GC heap before
{Heap before GC invocations=105 (full 0):
 garbage-first heap   total 555008K, used 168076K [0x0000000080000000, 0x0000000100000000)
  region size 1024K, 37 young (37888K), 2 survivors (2048K)
 Metaspace       used 138899K, capacity 143399K, committed 143488K, reserved 1173504K
  class space    used 17390K, capacity 19029K, committed 19072K, reserved 1048576K
}
Event: 4397.899 GC heap after
{Heap after GC invocations=106 (full 0):
 garbage-first heap   total 555008K, used 137861K [0x0000000080000000, 0x0000000100000000)
  region size 1024K, 6 young (6144K), 6 survivors (6144K)
 Metaspace       used 138899K, capacity 143399K, committed 143488K, reserved 1173504K
  class space    used 17390K, capacity 19029K, committed 19072K, reserved 1048576K
}
Event: 5435.154 GC heap before
{Heap before GC invocations=107 (full 0):
 garbage-first heap   total 555008K, used 383621K [0x0000000080000000, 0x0000000100000000)
  region size 1024K, 228 young (233472K), 6 survivors (6144K)
 Metaspace       used 136583K, capacity 140713K, committed 143488K, reserved 1173504K
  class space    used 17013K, capacity 18549K, committed 19072K, reserved 1048576K
}
Event: 5435.256 GC heap after
{Heap after GC invocations=108 (full 0):
 garbage-first heap   total 555008K, used 128876K [0x0000000080000000, 0x0000000100000000)
  region size 1024K, 2 young (2048K), 2 survivors (2048K)
 Metaspace       used 136583K, capacity 140713K, committed 143488K, reserved 1173504K
  class space    used 17013K, capacity 18549K, committed 19072K, reserved 1048576K
}
Event: 5621.582 GC heap before
{Heap before GC invocations=108 (full 0):
 garbage-first heap   total 555008K, used 153452K [0x0000000080000000, 0x0000000100000000)
  region size 1024K, 27 young (27648K), 2 survivors (2048K)
 Metaspace       used 136621K, capacity 140731K, committed 143488K, reserved 1173504K
  class space    used 17016K, capacity 18554K, committed 19072K, reserved 1048576K
}
Event: 5621.607 GC heap after
{Heap after GC invocations=109 (full 0):
 garbage-first heap   total 555008K, used 114808K [0x0000000080000000, 0x0000000100000000)
  region size 1024K, 4 young (4096K), 4 survivors (4096K)
 Metaspace       used 136621K, capacity 140731K, committed 143488K, reserved 1173504K
  class space    used 17016K, capacity 18554K, committed 19072K, reserved 1048576K
}
Event: 5622.069 GC heap before
{Heap before GC invocations=109 (full 0):
 garbage-first heap   total 555008K, used 134264K [0x0000000080000000, 0x0000000100000000)
  region size 1024K, 24 young (24576K), 4 survivors (4096K)
 Metaspace       used 136676K, capacity 140751K, committed 143488K, reserved 1173504K
  class space    used 17018K, capacity 18558K, committed 19072K, reserved 1048576K
}
Event: 5622.091 GC heap after
{Heap after GC invocations=110 (full 0):
 garbage-first heap   total 555008K, used 117173K [0x0000000080000000, 0x0000000100000000)
  region size 1024K, 6 young (6144K), 6 survivors (6144K)
 Metaspace       used 136676K, capacity 140751K, committed 143488K, reserved 1173504K
  class space    used 17018K, capacity 18558K, committed 19072K, reserved 1048576K
}

