# JRE version: OpenJDK Runtime Environment (11.0.10) (build 11.0.10+0-b96-7249189)
# Java VM: OpenJDK 64-Bit Server VM (11.0.10+0-b96-7249189, mixed mode, tiered, compressed oops, g1 gc, linux-amd64)
Heap:
 garbage-first heap   total 181248K, used 86490K [0x0000000080000000, 0x0000000100000000)
  region size 1024K, 8 young (8192K), 5 survivors (5120K)
 Metaspace       used 114047K, capacity 117387K, committed 118092K, reserved 1150976K
  class space    used 14300K, capacity 15560K, committed 15744K, reserved 1048576K
GC Heap History (20 events):
Event: 2307.313 GC heap before
{Heap before GC invocations=81 (full 0):
 garbage-first heap   total 181248K, used 125545K [0x0000000080000000, 0x0000000100000000)
  region size 1024K, 44 young (45056K), 1 survivors (1024K)
 Metaspace       used 113953K, capacity 117435K, committed 117836K, reserved 1150976K
  class space    used 14336K, capacity 15600K, committed 15744K, reserved 1048576K
}
Event: 2307.323 GC heap after
{Heap after GC invocations=82 (full 0):
 garbage-first heap   total 181248K, used 82479K [0x0000000080000000, 0x0000000100000000)
  region size 1024K, 6 young (6144K), 6 survivors (6144K)
 Metaspace       used 113953K, capacity 117435K, committed 117836K, reserved 1150976K
  class space    used 14336K, capacity 15600K, committed 15744K, reserved 1048576K
}
Event: 2307.584 GC heap before
{Heap before GC invocations=83 (full 0):
 garbage-first heap   total 181248K, used 133679K [0x0000000080000000, 0x0000000100000000)
  region size 1024K, 55 young (56320K), 6 survivors (6144K)
 Metaspace       used 114039K, capacity 117537K, committed 117836K, reserved 1150976K
  class space    used 14337K, capacity 15632K, committed 15744K, reserved 1048576K
}
Event: 2307.619 GC heap after
{Heap after GC invocations=84 (full 0):
 garbage-first heap   total 181248K, used 85571K [0x0000000080000000, 0x0000000100000000)
  region size 1024K, 2 young (2048K), 2 survivors (2048K)
 Metaspace       used 114039K, capacity 117537K, committed 117836K, reserved 1150976K
  class space    used 14337K, capacity 15632K, committed 15744K, reserved 1048576K
}
Event: 2307.646 GC heap before
{Heap before GC invocations=84 (full 0):
 garbage-first heap   total 181248K, used 91715K [0x0000000080000000, 0x0000000100000000)
  region size 1024K, 8 young (8192K), 2 survivors (2048K)
 Metaspace       used 114063K, capacity 117543K, committed 117836K, reserved 1150976K
  class space    used 14337K, capacity 15632K, committed 15744K, reserved 1048576K
}
Event: 2307.651 GC heap after
{Heap after GC invocations=85 (full 0):
 garbage-first heap   total 181248K, used 84623K [0x0000000080000000, 0x0000000100000000)
  region size 1024K, 1 young (1024K), 1 survivors (1024K)
 Metaspace       used 114063K, capacity 117543K, committed 117836K, reserved 1150976K
  class space    used 14337K, capacity 15632K, committed 15744K, reserved 1048576K
}
Event: 2307.686 GC heap before
{Heap before GC invocations=85 (full 0):
 garbage-first heap   total 181248K, used 94863K [0x0000000080000000, 0x0000000100000000)
  region size 1024K, 12 young (12288K), 1 survivors (1024K)
 Metaspace       used 114069K, capacity 117543K, committed 117836K, reserved 1150976K
  class space    used 14337K, capacity 15632K, committed 15744K, reserved 1048576K
}
Event: 2307.692 GC heap after
{Heap after GC invocations=86 (full 0):
 garbage-first heap   total 181248K, used 84628K [0x0000000080000000, 0x0000000100000000)
  region size 1024K, 1 young (1024K), 1 survivors (1024K)
 Metaspace       used 114069K, capacity 117543K, committed 117836K, reserved 1150976K
  class space    used 14337K, capacity 15632K, committed 15744K, reserved 1048576K
}
Event: 4413.075 GC heap before
{Heap before GC invocations=87 (full 0):
 garbage-first heap   total 181248K, used 142996K [0x0000000080000000, 0x0000000100000000)
  region size 1024K, 53 young (54272K), 1 survivors (1024K)
 Metaspace       used 114105K, capacity 117545K, committed 117836K, reserved 1150976K
  class space    used 14338K, capacity 15633K, committed 15744K, reserved 1048576K
}
Event: 4413.092 GC heap after
{Heap after GC invocations=88 (full 0):
 garbage-first heap   total 181248K, used 84397K [0x0000000080000000, 0x0000000100000000)
  region size 1024K, 1 young (1024K), 1 survivors (1024K)
 Metaspace       used 114105K, capacity 117545K, committed 117836K, reserved 1150976K
  class space    used 14338K, capacity 15633K, committed 15744K, reserved 1048576K
}
Event: 4711.186 GC heap before
{Heap before GC invocations=88 (full 0):
 garbage-first heap   total 181248K, used 91565K [0x0000000080000000, 0x0000000100000000)
  region size 1024K, 8 young (8192K), 1 survivors (1024K)
 Metaspace       used 114105K, capacity 117545K, committed 117836K, reserved 1150976K
  class space    used 14338K, capacity 15633K, committed 15744K, reserved 1048576K
}
Event: 4711.197 GC heap after
{Heap after GC invocations=89 (full 0):
 garbage-first heap   total 181248K, used 79606K [0x0000000080000000, 0x0000000100000000)
  region size 1024K, 1 young (1024K), 1 survivors (1024K)
 Metaspace       used 114105K, capacity 117545K, committed 117836K, reserved 1150976K
  class space    used 14338K, capacity 15633K, committed 15744K, reserved 1048576K
}
Event: 7249.070 GC heap before
{Heap before GC invocations=89 (full 0):
 garbage-first heap   total 181248K, used 138998K [0x0000000080000000, 0x0000000100000000)
  region size 1024K, 59 young (60416K), 1 survivors (1024K)
 Metaspace       used 114110K, capacity 117545K, committed 117836K, reserved 1150976K
  class space    used 14338K, capacity 15633K, committed 15744K, reserved 1048576K
}
Event: 7249.075 GC heap after
{Heap after GC invocations=90 (full 0):
 garbage-first heap   total 181248K, used 79603K [0x0000000080000000, 0x0000000100000000)
  region size 1024K, 1 young (1024K), 1 survivors (1024K)
 Metaspace       used 114110K, capacity 117545K, committed 117836K, reserved 1150976K
  class space    used 14338K, capacity 15633K, committed 15744K, reserved 1048576K
}
Event: 7615.841 GC heap before
{Heap before GC invocations=91 (full 0):
 garbage-first heap   total 181248K, used 140019K [0x0000000080000000, 0x0000000100000000)
  region size 1024K, 62 young (63488K), 1 survivors (1024K)
 Metaspace       used 113955K, capacity 117312K, committed 118092K, reserved 1150976K
  class space    used 14298K, capacity 15558K, committed 15744K, reserved 1048576K
}
Event: 7615.852 GC heap after
{Heap after GC invocations=92 (full 0):
 garbage-first heap   total 181248K, used 84068K [0x0000000080000000, 0x0000000100000000)
  region size 1024K, 7 young (7168K), 7 survivors (7168K)
 Metaspace       used 113955K, capacity 117312K, committed 118092K, reserved 1150976K
  class space    used 14298K, capacity 15558K, committed 15744K, reserved 1048576K
}
Event: 7615.866 GC heap before
{Heap before GC invocations=92 (full 0):
 garbage-first heap   total 181248K, used 85092K [0x0000000080000000, 0x0000000100000000)
  region size 1024K, 8 young (8192K), 7 survivors (7168K)
 Metaspace       used 113957K, capacity 117312K, committed 118092K, reserved 1150976K
  class space    used 14298K, capacity 15558K, committed 15744K, reserved 1048576K
}
Event: 7615.879 GC heap after
{Heap after GC invocations=93 (full 0):
 garbage-first heap   total 181248K, used 81722K [0x0000000080000000, 0x0000000100000000)
  region size 1024K, 1 young (1024K), 1 survivors (1024K)
 Metaspace       used 113957K, capacity 117312K, committed 118092K, reserved 1150976K
  class space    used 14298K, capacity 15558K, committed 15744K, reserved 1048576K
}
Event: 8510.435 GC heap before
{Heap before GC invocations=93 (full 0):
 garbage-first heap   total 181248K, used 142138K [0x0000000080000000, 0x0000000100000000)
  region size 1024K, 61 young (62464K), 1 survivors (1024K)
 Metaspace       used 114042K, capacity 117387K, committed 118092K, reserved 1150976K
  class space    used 14300K, capacity 15560K, committed 15744K, reserved 1048576K
}
Event: 8510.463 GC heap after
{Heap after GC invocations=94 (full 0):
 garbage-first heap   total 181248K, used 85466K [0x0000000080000000, 0x0000000100000000)
  region size 1024K, 5 young (5120K), 5 survivors (5120K)
 Metaspace       used 114042K, capacity 117387K, committed 118092K, reserved 1150976K
  class space    used 14300K, capacity 15560K, committed 15744K, reserved 1048576K
}

