# JRE version: OpenJDK Runtime Environment (11.0.10) (build 11.0.10+0-b96-7249189)
# Java VM: OpenJDK 64-Bit Server VM (11.0.10+0-b96-7249189, mixed mode, tiered, compressed oops, g1 gc, linux-amd64)
Heap:
 garbage-first heap   total 184320K, used 89430K [0x0000000080000000, 0x0000000100000000)
  region size 1024K, 6 young (6144K), 2 survivors (2048K)
 Metaspace       used 118575K, capacity 122179K, committed 122444K, reserved 1155072K
  class space    used 14825K, capacity 16138K, committed 16256K, reserved 1048576K
GC Heap History (20 events):
Event: 9008.757 GC heap before
{Heap before GC invocations=70 (full 0):
 garbage-first heap   total 184320K, used 131707K [0x0000000080000000, 0x0000000100000000)
  region size 1024K, 47 young (48128K), 1 survivors (1024K)
 Metaspace       used 117187K, capacity 120455K, committed 120908K, reserved 1155072K
  class space    used 14654K, capacity 15823K, committed 16000K, reserved 1048576K
}
Event: 9008.785 GC heap after
{Heap after GC invocations=71 (full 0):
 garbage-first heap   total 184320K, used 82741K [0x0000000080000000, 0x0000000100000000)
  region size 1024K, 6 young (6144K), 6 survivors (6144K)
 Metaspace       used 117187K, capacity 120455K, committed 120908K, reserved 1155072K
  class space    used 14654K, capacity 15823K, committed 16000K, reserved 1048576K
}
Event: 9009.459 GC heap before
{Heap before GC invocations=72 (full 0):
 garbage-first heap   total 184320K, used 144181K [0x0000000080000000, 0x0000000100000000)
  region size 1024K, 65 young (66560K), 6 survivors (6144K)
 Metaspace       used 117462K, capacity 120669K, committed 121164K, reserved 1155072K
  class space    used 14655K, capacity 15824K, committed 16000K, reserved 1048576K
}
Event: 9009.470 GC heap after
{Heap after GC invocations=73 (full 0):
 garbage-first heap   total 184320K, used 85439K [0x0000000080000000, 0x0000000100000000)
  region size 1024K, 2 young (2048K), 2 survivors (2048K)
 Metaspace       used 117462K, capacity 120669K, committed 121164K, reserved 1155072K
  class space    used 14655K, capacity 15824K, committed 16000K, reserved 1048576K
}
Event: 9009.493 GC heap before
{Heap before GC invocations=73 (full 0):
 garbage-first heap   total 184320K, used 92607K [0x0000000080000000, 0x0000000100000000)
  region size 1024K, 9 young (9216K), 2 survivors (2048K)
 Metaspace       used 117462K, capacity 120669K, committed 121164K, reserved 1155072K
  class space    used 14655K, capacity 15824K, committed 16000K, reserved 1048576K
}
Event: 9009.500 GC heap after
{Heap after GC invocations=74 (full 0):
 garbage-first heap   total 184320K, used 84523K [0x0000000080000000, 0x0000000100000000)
  region size 1024K, 1 young (1024K), 1 survivors (1024K)
 Metaspace       used 117462K, capacity 120669K, committed 121164K, reserved 1155072K
  class space    used 14655K, capacity 15824K, committed 16000K, reserved 1048576K
}
Event: 9009.523 GC heap before
{Heap before GC invocations=74 (full 0):
 garbage-first heap   total 184320K, used 87595K [0x0000000080000000, 0x0000000100000000)
  region size 1024K, 5 young (5120K), 1 survivors (1024K)
 Metaspace       used 117462K, capacity 120669K, committed 121164K, reserved 1155072K
  class space    used 14655K, capacity 15824K, committed 16000K, reserved 1048576K
}
Event: 9009.531 GC heap after
{Heap after GC invocations=75 (full 0):
 garbage-first heap   total 184320K, used 84603K [0x0000000080000000, 0x0000000100000000)
  region size 1024K, 1 young (1024K), 1 survivors (1024K)
 Metaspace       used 117462K, capacity 120669K, committed 121164K, reserved 1155072K
  class space    used 14655K, capacity 15824K, committed 16000K, reserved 1048576K
}
Event: 9197.254 GC heap before
{Heap before GC invocations=76 (full 0):
 garbage-first heap   total 184320K, used 155259K [0x0000000080000000, 0x0000000100000000)
  region size 1024K, 63 young (64512K), 1 survivors (1024K)
 Metaspace       used 118160K, capacity 121577K, committed 121804K, reserved 1155072K
  class space    used 14766K, capacity 16029K, committed 16128K, reserved 1048576K
}
Event: 9197.266 GC heap after
{Heap after GC invocations=77 (full 0):
 garbage-first heap   total 184320K, used 94092K [0x0000000080000000, 0x0000000100000000)
  region size 1024K, 8 young (8192K), 8 survivors (8192K)
 Metaspace       used 118160K, capacity 121577K, committed 121804K, reserved 1155072K
  class space    used 14766K, capacity 16029K, committed 16128K, reserved 1048576K
}
Event: 9197.270 GC heap before
{Heap before GC invocations=77 (full 0):
 garbage-first heap   total 184320K, used 95116K [0x0000000080000000, 0x0000000100000000)
  region size 1024K, 9 young (9216K), 8 survivors (8192K)
 Metaspace       used 118160K, capacity 121577K, committed 121804K, reserved 1155072K
  class space    used 14766K, capacity 16029K, committed 16128K, reserved 1048576K
}
Event: 9197.279 GC heap after
{Heap after GC invocations=78 (full 0):
 garbage-first heap   total 184320K, used 92124K [0x0000000080000000, 0x0000000100000000)
  region size 1024K, 1 young (1024K), 1 survivors (1024K)
 Metaspace       used 118160K, capacity 121577K, committed 121804K, reserved 1155072K
  class space    used 14766K, capacity 16029K, committed 16128K, reserved 1048576K
}
Event: 9197.756 GC heap before
{Heap before GC invocations=78 (full 0):
 garbage-first heap   total 184320K, used 147420K [0x0000000080000000, 0x0000000100000000)
  region size 1024K, 56 young (57344K), 1 survivors (1024K)
 Metaspace       used 118465K, capacity 122077K, committed 122316K, reserved 1155072K
  class space    used 14808K, capacity 16108K, committed 16128K, reserved 1048576K
}
Event: 9197.779 GC heap after
{Heap after GC invocations=79 (full 0):
 garbage-first heap   total 184320K, used 96882K [0x0000000080000000, 0x0000000100000000)
  region size 1024K, 6 young (6144K), 6 survivors (6144K)
 Metaspace       used 118465K, capacity 122077K, committed 122316K, reserved 1155072K
  class space    used 14808K, capacity 16108K, committed 16128K, reserved 1048576K
}
Event: 10569.860 GC heap before
{Heap before GC invocations=80 (full 0):
 garbage-first heap   total 184320K, used 154226K [0x0000000080000000, 0x0000000100000000)
  region size 1024K, 57 young (58368K), 6 survivors (6144K)
 Metaspace       used 118568K, capacity 122179K, committed 122444K, reserved 1155072K
  class space    used 14824K, capacity 16138K, committed 16256K, reserved 1048576K
}
Event: 10569.883 GC heap after
{Heap after GC invocations=81 (full 0):
 garbage-first heap   total 184320K, used 94621K [0x0000000080000000, 0x0000000100000000)
  region size 1024K, 1 young (1024K), 1 survivors (1024K)
 Metaspace       used 118568K, capacity 122179K, committed 122444K, reserved 1155072K
  class space    used 14824K, capacity 16138K, committed 16256K, reserved 1048576K
}
Event: 10921.014 GC heap before
{Heap before GC invocations=81 (full 0):
 garbage-first heap   total 184320K, used 102813K [0x0000000080000000, 0x0000000100000000)
  region size 1024K, 9 young (9216K), 1 survivors (1024K)
 Metaspace       used 118569K, capacity 122179K, committed 122444K, reserved 1155072K
  class space    used 14825K, capacity 16138K, committed 16256K, reserved 1048576K
}
Event: 10921.043 GC heap after
{Heap after GC invocations=82 (full 0):
 garbage-first heap   total 184320K, used 85248K [0x0000000080000000, 0x0000000100000000)
  region size 1024K, 1 young (1024K), 1 survivors (1024K)
 Metaspace       used 118569K, capacity 122179K, committed 122444K, reserved 1155072K
  class space    used 14825K, capacity 16138K, committed 16256K, reserved 1048576K
}
Event: 13308.241 GC heap before
{Heap before GC invocations=82 (full 0):
 garbage-first heap   total 184320K, used 145664K [0x0000000080000000, 0x0000000100000000)
  region size 1024K, 60 young (61440K), 1 survivors (1024K)
 Metaspace       used 118575K, capacity 122179K, committed 122444K, reserved 1155072K
  class space    used 14825K, capacity 16138K, committed 16256K, reserved 1048576K
}
Event: 13308.249 GC heap after
{Heap after GC invocations=83 (full 0):
 garbage-first heap   total 184320K, used 86358K [0x0000000080000000, 0x0000000100000000)
  region size 1024K, 2 young (2048K), 2 survivors (2048K)
 Metaspace       used 118575K, capacity 122179K, committed 122444K, reserved 1155072K
  class space    used 14825K, capacity 16138K, committed 16256K, reserved 1048576K
}

